Unity Editor version:    2020.3.18f1 (a7d1c678663c)
Branch:                  2020.3/staging
Build type:              Release
Batch mode:              YES
System name:             Linux
Distro version:          #36~20.04.1-Ubuntu SMP Fri Aug 27 08:06:32 UTC 2021
Kernel version:          5.11.0-34-generic
Architecture:            x86_64
Available memory:        15737 MB
Using pre-set license
Pro License: NO
Desktop is 3840 x 1080 @ 60 Hz

COMMAND LINE ARGUMENTS:
Unity
-adb2
-batchMode
-noUpm
-name
AssetImportWorker0
-projectPath
/home/lucas/teste
-logFile
Logs/AssetImportWorker0.log
-srvPort
33953
Successfully changed project path to: /home/lucas/teste
/home/lucas/teste
Using Asset Import Pipeline V2.
Refreshing native plugins compatible for Editor in 39,45 ms, found 0 plugins.
Preloading 0 native plugins for Editor in 0,00 ms.
Initialize engine version: 2020.3.18f1 (a7d1c678663c)
[Subsystems] Discovering subsystems at path /home/lucas/Unity/Hub/Editor/2020.3.18f1/Editor/Data/Resources/UnitySubsystems
[Subsystems] Discovering subsystems at path /home/lucas/teste/Assets
GLX Extensions: GLX_EXT_visual_info GLX_EXT_visual_rating GLX_EXT_import_context GLX_SGIX_fbconfig GLX_SGIX_pbuffer GLX_SGI_video_sync GLX_SGI_swap_control GLX_EXT_swap_control GLX_EXT_swap_control_tear GLX_EXT_texture_from_pixmap GLX_EXT_buffer_age GLX_ARB_create_context GLX_ARB_create_context_profile GLX_EXT_create_context_es_profile GLX_EXT_create_context_es2_profile GLX_ARB_create_context_no_error GLX_ARB_create_context_robustness GLX_NV_delay_before_swap GLX_EXT_stereo_tree GLX_ARB_context_flush_control GLX_NV_robustness_video_memory_purge GLX_NV_multigpu_context GLX_ARB_multisample GLX_NV_float_buffer GLX_ARB_fbconfig_float GLX_EXT_framebuffer_sRGB GLX_NV_copy_image GLX_ARB_get_proc_address 
Renderer: GeForce GTX 1050 Ti/PCIe/SSE2
Vendor:   NVIDIA Corporation
Version:  4.5.0 NVIDIA 460.91.03
GLES:     0
 GL_AMD_multi_draw_indirect GL_AMD_seamless_cubemap_per_texture GL_AMD_vertex_shader_viewport_index GL_AMD_vertex_shader_layer GL_ARB_arrays_of_arrays GL_ARB_base_instance GL_ARB_bindless_texture GL_ARB_blend_func_extended GL_ARB_buffer_storage GL_ARB_clear_buffer_object GL_ARB_clear_texture GL_ARB_clip_control GL_ARB_color_buffer_float GL_ARB_compressed_texture_pixel_storage GL_ARB_conservative_depth GL_ARB_compute_shader GL_ARB_compute_variable_group_size GL_ARB_conditional_render_inverted GL_ARB_copy_buffer GL_ARB_copy_image GL_ARB_cull_distance GL_ARB_debug_output GL_ARB_depth_buffer_float GL_ARB_depth_clamp GL_ARB_depth_texture GL_ARB_derivative_control GL_ARB_direct_state_access GL_ARB_draw_buffers GL_ARB_draw_buffers_blend GL_ARB_draw_indirect GL_ARB_draw_elements_base_vertex GL_ARB_draw_instanced GL_ARB_enhanced_layouts GL_ARB_ES2_compatibility GL_ARB_ES3_compatibility GL_ARB_ES3_1_compatibility GL_ARB_ES3_2_compatibility GL_ARB_explicit_attrib_location GL_ARB_explicit_uniform_location GL_ARB_fragmen
t_coord_conventions GL_ARB_fragment_layer_viewport GL_ARB_fragment_program GL_ARB_fragment_program_shadow GL_ARB_fragment_shader GL_ARB_fragment_shader_interlock GL_ARB_framebuffer_no_attachments GL_ARB_framebuffer_object GL_ARB_framebuffer_sRGB GL_ARB_geometry_shader4 GL_ARB_get_program_binary GL_ARB_get_texture_sub_image GL_ARB_gl_spirv GL_ARB_gpu_shader5 GL_ARB_gpu_shader_fp64 GL_ARB_gpu_shader_int64 GL_ARB_half_float_pixel GL_ARB_half_float_vertex GL_ARB_imaging GL_ARB_indirect_parameters GL_ARB_instanced_arrays GL_ARB_internalformat_query GL_ARB_internalformat_query2 GL_ARB_invalidate_subdata GL_ARB_map_buffer_alignment GL_ARB_map_buffer_range GL_ARB_multi_bind GL_ARB_multi_draw_indirect GL_ARB_multisample GL_ARB_multitexture GL_ARB_occlusion_query GL_ARB_occlusion_query2 GL_ARB_parallel_shader_compile GL_ARB_pipeline_statistics_query GL_ARB_pixel_buffer_object GL_ARB_point_parameters GL_ARB_point_sprite GL_ARB_polygon_offset_clamp GL_ARB_post_depth_coverage GL_ARB_program_interface_query GL_ARB_provoki
ng_vertex GL_ARB_query_buffer_object GL_ARB_robust_buffer_access_behavior GL_ARB_robustness GL_ARB_sample_locations GL_ARB_sample_shading GL_ARB_sampler_objects GL_ARB_seamless_cube_map GL_ARB_seamless_cubemap_per_texture GL_ARB_separate_shader_objects GL_ARB_shader_atomic_counter_ops GL_ARB_shader_atomic_counters GL_ARB_shader_ballot GL_ARB_shader_bit_encoding GL_ARB_shader_clock GL_ARB_shader_draw_parameters GL_ARB_shader_group_vote GL_ARB_shader_image_load_store GL_ARB_shader_image_size GL_ARB_shader_objects GL_ARB_shader_precision GL_ARB_shader_storage_buffer_object GL_ARB_shader_subroutine GL_ARB_shader_texture_image_samples GL_ARB_shader_texture_lod GL_ARB_shading_language_100 GL_ARB_shader_viewport_layer_array GL_ARB_shading_language_420pack GL_ARB_shading_language_include GL_ARB_shading_language_packing GL_ARB_shadow GL_ARB_sparse_buffer GL_ARB_sparse_texture GL_ARB_sparse_texture2 GL_ARB_sparse_texture_clamp GL_ARB_spirv_extensions GL_ARB_stencil_texturing GL_ARB_sync GL_ARB_tessellation_shader GL_A
RB_texture_barrier GL_ARB_texture_border_clamp GL_ARB_texture_buffer_object GL_ARB_texture_buffer_object_rgb32 GL_ARB_texture_buffer_range GL_ARB_texture_compression GL_ARB_texture_compression_bptc GL_ARB_texture_compression_rgtc GL_ARB_texture_cube_map GL_ARB_texture_cube_map_array GL_ARB_texture_env_add GL_ARB_texture_env_combine GL_ARB_texture_env_crossbar GL_ARB_texture_env_dot3 GL_ARB_texture_filter_anisotropic GL_ARB_texture_filter_minmax GL_ARB_texture_float GL_ARB_texture_gather GL_ARB_texture_mirror_clamp_to_edge GL_ARB_texture_mirrored_repeat GL_ARB_texture_multisample GL_ARB_texture_non_power_of_two GL_ARB_texture_query_levels GL_ARB_texture_query_lod GL_ARB_texture_rectangle GL_ARB_texture_rg GL_ARB_texture_rgb10_a2ui GL_ARB_texture_stencil8 GL_ARB_texture_storage GL_ARB_texture_storage_multisample GL_ARB_texture_swizzle GL_ARB_texture_view GL_ARB_timer_query GL_ARB_transform_feedback2 GL_ARB_transform_feedback3 GL_ARB_transform_feedback_instanced GL_ARB_transform_feedback_overflow_query GL_ARB_t
ranspose_matrix GL_ARB_uniform_buffer_object GL_ARB_vertex_array_bgra GL_ARB_vertex_array_object GL_ARB_vertex_attrib_64bit GL_ARB_vertex_attrib_binding GL_ARB_vertex_buffer_object GL_ARB_vertex_program GL_ARB_vertex_shader GL_ARB_vertex_type_10f_11f_11f_rev GL_ARB_vertex_type_2_10_10_10_rev GL_ARB_viewport_array GL_ARB_window_pos GL_ATI_draw_buffers GL_ATI_texture_float GL_ATI_texture_mirror_once GL_S3_s3tc GL_EXT_texture_env_add GL_EXT_abgr GL_EXT_bgra GL_EXT_bindable_uniform GL_EXT_blend_color GL_EXT_blend_equation_separate GL_EXT_blend_func_separate GL_EXT_blend_minmax GL_EXT_blend_subtract GL_EXT_compiled_vertex_array GL_EXT_Cg_shader GL_EXT_depth_bounds_test GL_EXT_direct_state_access GL_EXT_draw_buffers2 GL_EXT_draw_instanced GL_EXT_draw_range_elements GL_EXT_fog_coord GL_EXT_framebuffer_blit GL_EXT_framebuffer_multisample GL_EXTX_framebuffer_mixed_formats GL_EXT_framebuffer_multisample_blit_scaled GL_EXT_framebuffer_object GL_EXT_framebuffer_sRGB GL_EXT_geometry_shader4 GL_EXT_gpu_program_parameters 
GL_EXT_gpu_shader4 GL_EXT_multi_draw_arrays GL_EXT_multiview_texture_multisample GL_EXT_multiview_timer_query GL_EXT_packed_depth_stencil GL_EXT_packed_float GL_EXT_packed_pixels GL_EXT_pixel_buffer_object GL_EXT_point_parameters GL_EXT_polygon_offset_clamp GL_EXT_post_depth_coverage GL_EXT_provoking_vertex GL_EXT_raster_multisample GL_EXT_rescale_normal GL_EXT_secondary_color GL_EXT_separate_shader_objects GL_EXT_separate_specular_color GL_EXT_shader_image_load_formatted GL_EXT_shader_image_load_store GL_EXT_shader_integer_mix GL_EXT_shadow_funcs GL_EXT_sparse_texture2 GL_EXT_stencil_two_side GL_EXT_stencil_wrap GL_EXT_texture3D GL_EXT_texture_array GL_EXT_texture_buffer_object GL_EXT_texture_compression_dxt1 GL_EXT_texture_compression_latc GL_EXT_texture_compression_rgtc GL_EXT_texture_compression_s3tc GL_EXT_texture_cube_map GL_EXT_texture_edge_clamp GL_EXT_texture_env_combine GL_EXT_texture_env_dot3 GL_EXT_texture_filter_anisotropic GL_EXT_texture_filter_minmax GL_EXT_texture_integer GL_EXT_texture_lod G
L_EXT_texture_lod_bias GL_EXT_texture_mirror_clamp GL_EXT_texture_object GL_EXT_texture_shadow_lod GL_EXT_texture_shared_exponent GL_EXT_texture_sRGB GL_EXT_texture_sRGB_R8 GL_EXT_texture_sRGB_decode GL_EXT_texture_storage GL_EXT_texture_swizzle GL_EXT_timer_query GL_EXT_transform_feedback2 GL_EXT_vertex_array GL_EXT_vertex_array_bgra GL_EXT_vertex_attrib_64bit GL_EXT_window_rectangles GL_EXT_x11_sync_object GL_EXT_import_sync_object GL_NV_robustness_video_memory_purge GL_IBM_rasterpos_clip GL_IBM_texture_mirrored_repeat GL_KHR_context_flush_control GL_KHR_debug GL_EXT_memory_object GL_EXT_memory_object_fd GL_NV_memory_object_sparse GL_KHR_parallel_shader_compile GL_KHR_no_error GL_KHR_robust_buffer_access_behavior GL_KHR_robustness GL_EXT_semaphore GL_EXT_semaphore_fd GL_NV_timeline_semaphore GL_KHR_shader_subgroup GL_KTX_buffer_region GL_NV_alpha_to_coverage_dither_control GL_NV_bindless_multi_draw_indirect GL_NV_bindless_multi_draw_indirect_count GL_NV_bindless_texture GL_NV_blend_equation_advanced GL_NV_
blend_equation_advanced_coherent GL_NVX_blend_equation_advanced_multi_draw_buffers GL_NV_blend_minmax_factor GL_NV_blend_square GL_NV_clip_space_w_scaling GL_NV_command_list GL_NV_compute_program5 GL_NV_conditional_render GL_NV_conservative_raster GL_NV_conservative_raster_dilate GL_NV_conservative_raster_pre_snap_triangles GL_NV_copy_depth_to_color GL_NV_copy_image GL_NV_depth_buffer_float GL_NV_depth_clamp GL_NV_draw_texture GL_NV_draw_vulkan_image GL_NV_ES1_1_compatibility GL_NV_ES3_1_compatibility GL_NV_explicit_multisample GL_NV_feature_query GL_NV_fence GL_NV_fill_rectangle GL_NV_float_buffer GL_NV_fog_distance GL_NV_fragment_coverage_to_color GL_NV_fragment_program GL_NV_fragment_program_option GL_NV_fragment_program2 GL_NV_fragment_shader_interlock GL_NV_framebuffer_mixed_samples GL_NV_framebuffer_multisample_coverage GL_NV_geometry_shader4 GL_NV_geometry_shader_passthrough GL_NV_gpu_program4 GL_NV_internalformat_sample_query GL_NV_gpu_program4_1 GL_NV_gpu_program5 GL_NV_gpu_program5_mem_extended GL_
NV_gpu_program_fp64 GL_NV_gpu_shader5 GL_NV_half_float GL_NV_light_max_exponent GL_NV_memory_attachment GL_NV_multisample_coverage GL_NV_multisample_filter_hint GL_NV_occlusion_query GL_NV_packed_depth_stencil GL_NV_parameter_buffer_object GL_NV_parameter_buffer_object2 GL_NV_path_rendering GL_NV_path_rendering_shared_edge GL_NV_pixel_data_range GL_NV_point_sprite GL_NV_primitive_restart GL_NV_query_resource GL_NV_query_resource_tag GL_NV_register_combiners GL_NV_register_combiners2 GL_NV_sample_locations GL_NV_sample_mask_override_coverage GL_NV_shader_atomic_counters GL_NV_shader_atomic_float GL_NV_shader_atomic_float64 GL_NV_shader_atomic_fp16_vector GL_NV_shader_atomic_int64 GL_NV_shader_buffer_load GL_NV_shader_storage_buffer_object GL_NV_shader_subgroup_partitioned GL_NV_stereo_view_rendering GL_NV_texgen_reflection GL_NV_texture_barrier GL_NV_texture_compression_vtc GL_NV_texture_env_combine4 GL_NV_texture_multisample GL_NV_texture_rectangle GL_NV_texture_rectangle_compressed GL_NV_texture_shader GL_N
V_texture_shader2 GL_NV_texture_shader3 GL_NV_transform_feedback GL_NV_transform_feedback2 GL_NV_uniform_buffer_unified_memory GL_NV_vdpau_interop GL_NV_vdpau_interop2 GL_NV_vertex_array_range GL_NV_vertex_array_range2 GL_NV_vertex_attrib_integer_64bit GL_NV_vertex_buffer_unified_memory GL_NV_vertex_program GL_NV_vertex_program1_1 GL_NV_vertex_program2 GL_NV_vertex_program2_option GL_NV_vertex_program3 GL_NV_viewport_array2 GL_NV_viewport_swizzle GL_NVX_conditional_render GL_NV_gpu_multicast GL_NVX_progress_fence GL_NVX_gpu_memory_info GL_NVX_nvenc_interop GL_NV_shader_thread_group GL_NV_shader_thread_shuffle GL_KHR_blend_equation_advanced GL_KHR_blend_equation_advanced_coherent GL_OVR_multiview GL_OVR_multiview2 GL_SGIS_generate_mipmap GL_SGIS_texture_lod GL_SGIX_depth_texture GL_SGIX_shadow GL_SUN_slice_accum
OPENGL LOG: Creating OpenGL 4.5 graphics device ; Context level  <OpenGL 4.5> ; Context handle -1495468824
Initialize mono
Mono path[0] = '/home/lucas/Unity/Hub/Editor/2020.3.18f1/Editor/Data/Managed'
Mono path[1] = '/home/lucas/Unity/Hub/Editor/2020.3.18f1/Editor/Data/MonoBleedingEdge/lib/mono/unityjit'
Mono config path = '/home/lucas/Unity/Hub/Editor/2020.3.18f1/Editor/Data/MonoBleedingEdge/etc'
Using monoOptions --debugger-agent=transport=dt_socket,embedding=1,server=y,suspend=n,address=127.0.0.1:56413
Begin MonoManager ReloadAssembly
Registering precompiled unity dll's ...
Register platform support module: /home/lucas/Unity/Hub/Editor/2020.3.18f1/Editor/Data/PlaybackEngines/WebGLSupport/UnityEditor.WebGL.Extensions.dll
Register platform support module: /home/lucas/Unity/Hub/Editor/2020.3.18f1/Editor/Data/PlaybackEngines/WindowsStandaloneSupport/UnityEditor.WindowsStandalone.Extensions.dll
Register platform support module: /home/lucas/Unity/Hub/Editor/2020.3.18f1/Editor/Data/PlaybackEngines/LinuxStandaloneSupport/UnityEditor.LinuxStandalone.Extensions.dll
Registered in 0,001794 seconds.
Native extension for LinuxStandalone target not found
Native extension for WindowsStandalone target not found
Native extension for WebGL target not found
Refreshing native plugins compatible for Editor in 36,09 ms, found 0 plugins.
Preloading 0 native plugins for Editor in 0,00 ms.
Mono: successfully reloaded assembly
- Completed reload, in  2,010 seconds
Domain Reload Profiling:
	ReloadAssembly (2010ms)
		BeginReloadAssembly (32ms)
			ExecutionOrderSort (0ms)
			DisableScriptedObjects (0ms)
			BackupInstance (0ms)
			ReleaseScriptingObjects (0ms)
			CreateAndSetChildDomain (1ms)
		EndReloadAssembly (489ms)
			LoadAssemblies (31ms)
			RebuildTransferFunctionScriptingTraits (0ms)
			SetupTypeCache (193ms)
			ReleaseScriptCaches (0ms)
			RebuildScriptCaches (38ms)
			SetupLoadedEditorAssemblies (183ms)
				LogAssemblyErrors (0ms)
				InitializePlatformSupportModulesInManaged (5ms)
				SetLoadedEditorAssemblies (0ms)
				RefreshPlugins (36ms)
				BeforeProcessingInitializeOnLoad (8ms)
				ProcessInitializeOnLoadAttributes (102ms)
				ProcessInitializeOnLoadMethodAttributes (32ms)
				AfterProcessingInitializeOnLoad (0ms)
				EditorAssembliesLoaded (0ms)
			ExecutionOrderSort2 (0ms)
			AwakeInstancesAfterBackupRestoration (0ms)
Platform modules already initialized, skipping
Registering precompiled user dll's ...
Registered in 0,003896 seconds.
Begin MonoManager ReloadAssembly
Native extension for LinuxStandalone target not found
Native extension for WindowsStandalone target not found
Native extension for WebGL target not found
Refreshing native plugins compatible for Editor in 0,44 ms, found 0 plugins.
Preloading 0 native plugins for Editor in 0,00 ms.
Mono: successfully reloaded assembly
- Completed reload, in  1,189 seconds
Domain Reload Profiling:
	ReloadAssembly (1190ms)
		BeginReloadAssembly (156ms)
			ExecutionOrderSort (0ms)
			DisableScriptedObjects (6ms)
			BackupInstance (0ms)
			ReleaseScriptingObjects (0ms)
			CreateAndSetChildDomain (24ms)
		EndReloadAssembly (965ms)
			LoadAssemblies (73ms)
			RebuildTransferFunctionScriptingTraits (0ms)
			SetupTypeCache (312ms)
			ReleaseScriptCaches (1ms)
			RebuildScriptCaches (65ms)
			SetupLoadedEditorAssemblies (385ms)
				LogAssemblyErrors (0ms)
				InitializePlatformSupportModulesInManaged (6ms)
				SetLoadedEditorAssemblies (0ms)
				RefreshPlugins (0ms)
				BeforeProcessingInitializeOnLoad (63ms)
				ProcessInitializeOnLoadAttributes (305ms)
				ProcessInitializeOnLoadMethodAttributes (5ms)
				AfterProcessingInitializeOnLoad (4ms)
				EditorAssembliesLoaded (0ms)
			ExecutionOrderSort2 (0ms)
			AwakeInstancesAfterBackupRestoration (8ms)
Platform modules already initialized, skipping
========================================================================
Worker process is ready to serve import requests
Launched and connected shader compiler UnityShaderCompiler after 0.01 seconds
Refreshing native plugins compatible for Editor in 0,60 ms, found 0 plugins.
Preloading 0 native plugins for Editor in 0,00 ms.
Unloading 1841 Unused Serialized files (Serialized files now loaded: 0)
System memory in use before: 73,4 MB.
System memory in use after: 73,4 MB.

Unloading 26 unused Assets to reduce memory usage. Loaded Objects now: 2276.
Total: 8,503744 ms (FindLiveObjects: 0,236608 ms CreateObjectMapping: 0,101915 ms MarkObjects: 7,758219 ms  DeleteObjects: 0,403217 ms)

AssetImportParameters requested are different than current active one (requested -> active):
  custom:video-decoder-ogg-theora: a1e56fd34408186e4bbccfd4996cb3dc -> 
  custom:container-muxer-webm: aa71ff27fc2769a1b78a27578f13a17b -> 
  custom:container-demuxer-webm: 4f35f7cbe854078d1ac9338744f61a02 -> 
  custom:container-demuxer-ogg: 62fdf1f143b41e24485cea50d1cbac27 -> 
  custom:video-encoder-webm-vp8: eb34c28f22e8b96e1ab97ce403110664 -> 
  custom:video-decoder-webm-vp8: 9c59270c3fd7afecdb556c50c9e8de78 -> 
  custom:audio-decoder-ogg-vorbis: bf7c407c2cedff20999df2af8eb42d56 -> 
  custom:audio-encoder-webm-vorbis: bf7c407c2cedff20999df2af8eb42d56 -> 
========================================================================
Received Import Request.
  path: Assets/ARCoreExtensionsConfig.asset
  artifactKey: Guid(0c36333e02f6422a28fab53c8a928ed9) Importer(815301076,1909f56bfc062723c751e8b465ee728b)
Start importing Assets/ARCoreExtensionsConfig.asset using Guid(0c36333e02f6422a28fab53c8a928ed9) Importer(815301076,1909f56bfc062723c751e8b465ee728b)  -> (artifact id: '90eb6da6ad7ee204257611881a244b24') in 0,011256 seconds 
  Import took 0,015267 seconds .

========================================================================
Received Import Request.
  Time since last request: 162,671860 seconds.
  path: Assets/XR
  artifactKey: Guid(1e5162914b3c5e84bb5ac107c7c3b057) Importer(815301076,1909f56bfc062723c751e8b465ee728b)
Start importing Assets/XR using Guid(1e5162914b3c5e84bb5ac107c7c3b057) Importer(815301076,1909f56bfc062723c751e8b465ee728b)  -> (artifact id: 'd921ad461b611566461328ead9c1e745') in 0,000867 seconds 
  Import took 0,004123 seconds .

========================================================================
Received Import Request.
  Time since last request: 0,000898 seconds.
  path: Assets/XR
  artifactKey: Guid(1e5162914b3c5e84bb5ac107c7c3b057) Importer(815301076,1909f56bfc062723c751e8b465ee728b)
Start importing Assets/XR using Guid(1e5162914b3c5e84bb5ac107c7c3b057) Importer(815301076,1909f56bfc062723c751e8b465ee728b)  -> (artifact id: 'd921ad461b611566461328ead9c1e745') in 0,000641 seconds 
  Import took 0,003284 seconds .

========================================================================
Received Import Request.
  Time since last request: 0,046064 seconds.
  path: Assets/XR/XRGeneralSettings.asset
  artifactKey: Guid(cdf57b6c90f646d2e81359c43f3fdefe) Importer(815301076,1909f56bfc062723c751e8b465ee728b)
Start importing Assets/XR/XRGeneralSettings.asset using Guid(cdf57b6c90f646d2e81359c43f3fdefe) Importer(815301076,1909f56bfc062723c751e8b465ee728b)  -> (artifact id: '7b21815d43eca8b43263583df9704d3f') in 0,007180 seconds 
  Import took 0,011803 seconds .

========================================================================
Received Prepare
Registering precompiled user dll's ...
Registered in 0,003660 seconds.
Begin MonoManager ReloadAssembly
Native extension for LinuxStandalone target not found
Native extension for WindowsStandalone target not found
Native extension for WebGL target not found
Refreshing native plugins compatible for Editor in 57,30 ms, found 0 plugins.
Preloading 0 native plugins for Editor in 0,00 ms.
Mono: successfully reloaded assembly
- Completed reload, in  1,650 seconds
Domain Reload Profiling:
	ReloadAssembly (1650ms)
		BeginReloadAssembly (117ms)
			ExecutionOrderSort (0ms)
			DisableScriptedObjects (6ms)
			BackupInstance (0ms)
			ReleaseScriptingObjects (0ms)
			CreateAndSetChildDomain (55ms)
		EndReloadAssembly (1460ms)
			LoadAssemblies (94ms)
			RebuildTransferFunctionScriptingTraits (0ms)
			SetupTypeCache (542ms)
			ReleaseScriptCaches (1ms)
			RebuildScriptCaches (68ms)
			SetupLoadedEditorAssemblies (433ms)
				LogAssemblyErrors (0ms)
				InitializePlatformSupportModulesInManaged (8ms)
				SetLoadedEditorAssemblies (0ms)
				RefreshPlugins (57ms)
				BeforeProcessingInitializeOnLoad (74ms)
				ProcessInitializeOnLoadAttributes (274ms)
				ProcessInitializeOnLoadMethodAttributes (12ms)
				AfterProcessingInitializeOnLoad (6ms)
				EditorAssembliesLoaded (0ms)
			ExecutionOrderSort2 (0ms)
			AwakeInstancesAfterBackupRestoration (11ms)
Platform modules already initialized, skipping
Switching build target platform(24) subTarget(0) extendedPlatform(0) -> platform(13) subTarget(524288) extendedPlatform(0)
Refreshing native plugins compatible for Editor in 0,57 ms, found 0 plugins.
Preloading 0 native plugins for Editor in 0,00 ms.
Unloading 1942 Unused Serialized files (Serialized files now loaded: 0)
System memory in use before: 76,9 MB.
System memory in use after: 76,9 MB.

Unloading 21 unused Assets to reduce memory usage. Loaded Objects now: 2387.
Total: 5,396307 ms (FindLiveObjects: 0,294171 ms CreateObjectMapping: 0,113734 ms MarkObjects: 4,918907 ms  DeleteObjects: 0,068205 ms)

AssetImportParameters requested are different than current active one (requested -> active):
  custom:video-decoder-ogg-theora: a1e56fd34408186e4bbccfd4996cb3dc -> 
  custom:container-muxer-webm: aa71ff27fc2769a1b78a27578f13a17b -> 
  custom:container-demuxer-webm: 4f35f7cbe854078d1ac9338744f61a02 -> 
  custom:container-demuxer-ogg: 62fdf1f143b41e24485cea50d1cbac27 -> 
  custom:video-encoder-webm-vp8: eb34c28f22e8b96e1ab97ce403110664 -> 
  custom:video-decoder-webm-vp8: 9c59270c3fd7afecdb556c50c9e8de78 -> 
  custom:graphics/normal-map-encoding: 01000000000000000000000000000000 -> 02000000000000000000000000000000
  custom:audio-decoder-ogg-vorbis: bf7c407c2cedff20999df2af8eb42d56 -> 
  custom:audio-encoder-webm-vorbis: bf7c407c2cedff20999df2af8eb42d56 -> 
========================================================================
Received Import Request.
  Time since last request: 157,727989 seconds.
  path: Packages/com.google.ar.core.arfoundation.extensions/Editor/Scripts/Internal/ARCoreAnalyticsProvider.cs
  artifactKey: Guid(ba46ab99f1e8049c8a15420ce4649290) Importer(815301076,1909f56bfc062723c751e8b465ee728b)
Start importing Packages/com.google.ar.core.arfoundation.extensions/Editor/Scripts/Internal/ARCoreAnalyticsProvider.cs using Guid(ba46ab99f1e8049c8a15420ce4649290) Importer(815301076,1909f56bfc062723c751e8b465ee728b)  -> (artifact id: 'ec93df28be085067cb1cc5969b69aa41') in 0,003947 seconds 
  Import took 0,007618 seconds .

========================================================================
Received Import Request.
  Time since last request: 0,000257 seconds.
  path: Packages/com.google.ar.core.arfoundation.extensions/Editor/Scripts/Internal/ARCoreExtensionsProjectSettingsProvider.cs
  artifactKey: Guid(e6ceb31f542624afd9ef45433616d382) Importer(815301076,1909f56bfc062723c751e8b465ee728b)
Start importing Packages/com.google.ar.core.arfoundation.extensions/Editor/Scripts/Internal/ARCoreExtensionsProjectSettingsProvider.cs using Guid(e6ceb31f542624afd9ef45433616d382) Importer(815301076,1909f56bfc062723c751e8b465ee728b)  -> (artifact id: 'c368d5a0a0f78200644b4e9ada876212') in 0,001363 seconds 
  Import took 0,008704 seconds .

========================================================================
Received Import Request.
  Time since last request: 0,000416 seconds.
  path: Packages/com.google.ar.core.arfoundation.extensions/Editor/Scripts/Internal/AndroidSupportPreprocessBuild.cs
  artifactKey: Guid(b02a0654557c34b21bfe7f82fd47e9c4) Importer(815301076,1909f56bfc062723c751e8b465ee728b)
Start importing Packages/com.google.ar.core.arfoundation.extensions/Editor/Scripts/Internal/AndroidSupportPreprocessBuild.cs using Guid(b02a0654557c34b21bfe7f82fd47e9c4) Importer(815301076,1909f56bfc062723c751e8b465ee728b)  -> (artifact id: '30fb6083747186f60c95982a786e81a6') in 0,000802 seconds 
  Import took 0,004986 seconds .

========================================================================
Received Import Request.
  Time since last request: 0,000308 seconds.
  path: Packages/com.google.ar.core.arfoundation.extensions/Editor/Scripts/Internal/IOSSupportPreprocessBuild.cs
  artifactKey: Guid(d587419e88d224d119e10dd6352dbb8c) Importer(815301076,1909f56bfc062723c751e8b465ee728b)
Start importing Packages/com.google.ar.core.arfoundation.extensions/Editor/Scripts/Internal/IOSSupportPreprocessBuild.cs using Guid(d587419e88d224d119e10dd6352dbb8c) Importer(815301076,1909f56bfc062723c751e8b465ee728b)  -> (artifact id: '4c1989fcd991a7ae5850ae1f5a2c7cbd') in 0,001287 seconds 
  Import took 0,006455 seconds .

========================================================================
Received Import Request.
  Time since last request: 0,000173 seconds.
  path: Packages/com.google.ar.core.arfoundation.extensions/Runtime/Scripts/Internal/ARCoreExtensionsProjectSettings.cs
  artifactKey: Guid(cbacc217f948f45a783c3a1e1f43c4b2) Importer(815301076,1909f56bfc062723c751e8b465ee728b)
Start importing Packages/com.google.ar.core.arfoundation.extensions/Runtime/Scripts/Internal/ARCoreExtensionsProjectSettings.cs using Guid(cbacc217f948f45a783c3a1e1f43c4b2) Importer(815301076,1909f56bfc062723c751e8b465ee728b)  -> (artifact id: '5c445c48390cebab56c1ab63e30f8572') in 0,000850 seconds 
  Import took 0,004339 seconds .

========================================================================
Received Import Request.
  Time since last request: 0,000169 seconds.
  path: Packages/com.google.ar.core.arfoundation.extensions/Runtime/Scripts/Internal/PropertyAttributes
  artifactKey: Guid(9e2c27099b6f544508e5d6aa82a6b101) Importer(815301076,1909f56bfc062723c751e8b465ee728b)
Start importing Packages/com.google.ar.core.arfoundation.extensions/Runtime/Scripts/Internal/PropertyAttributes using Guid(9e2c27099b6f544508e5d6aa82a6b101) Importer(815301076,1909f56bfc062723c751e8b465ee728b)  -> (artifact id: '96532214b8c14b72625a740429c0555e') in 0,000968 seconds 
  Import took 0,004541 seconds .

========================================================================
Received Import Request.
  Time since last request: 0,000253 seconds.
  path: Packages/com.google.ar.core.arfoundation.extensions/Editor/Scripts/Internal/PropertyDrawers
  artifactKey: Guid(8650b633de838471baa4d37186479c9a) Importer(815301076,1909f56bfc062723c751e8b465ee728b)
Start importing Packages/com.google.ar.core.arfoundation.extensions/Editor/Scripts/Internal/PropertyDrawers using Guid(8650b633de838471baa4d37186479c9a) Importer(815301076,1909f56bfc062723c751e8b465ee728b)  -> (artifact id: '9527034c33c8a195a20a7dfe2ea12bf4') in 0,001284 seconds 
  Import took 0,005423 seconds .

========================================================================
Received Import Request.
  Time since last request: 0,000353 seconds.
  path: Packages/com.google.ar.core.arfoundation.extensions/Editor/Scripts/Internal/ModulesWorkflow/ExternalDependencyResolverPreprocessBuild.cs
  artifactKey: Guid(6e8d3dbef26b24135982dc0d8d82f289) Importer(815301076,1909f56bfc062723c751e8b465ee728b)
Start importing Packages/com.google.ar.core.arfoundation.extensions/Editor/Scripts/Internal/ModulesWorkflow/ExternalDependencyResolverPreprocessBuild.cs using Guid(6e8d3dbef26b24135982dc0d8d82f289) Importer(815301076,1909f56bfc062723c751e8b465ee728b)  -> (artifact id: 'afd20956e7b40865bbe797d2cacfa373') in 0,001079 seconds 
  Import took 0,007303 seconds .

========================================================================
Received Import Request.
  Time since last request: 0,000345 seconds.
  path: Packages/com.google.ar.core.arfoundation.extensions/Editor/Scripts/Internal/ModulesWorkflow/CompatibilityCheckPreprocessBuild.cs
  artifactKey: Guid(38d5c23c3c85843bda4420b2926638ff) Importer(815301076,1909f56bfc062723c751e8b465ee728b)
Start importing Packages/com.google.ar.core.arfoundation.extensions/Editor/Scripts/Internal/ModulesWorkflow/CompatibilityCheckPreprocessBuild.cs using Guid(38d5c23c3c85843bda4420b2926638ff) Importer(815301076,1909f56bfc062723c751e8b465ee728b)  -> (artifact id: '3b2f8ec431f64956da5122e4dd420b0f') in 0,001367 seconds 
  Import took 0,006935 seconds .

========================================================================
Received Import Request.
  Time since last request: 0,000433 seconds.
  path: Packages/com.google.ar.core.arfoundation.extensions/Editor/Scripts/Internal/Analytics/Google.Protobuf.dll
  artifactKey: Guid(5c92e9fc1bc9643a9a55eb16bb0dfc01) Importer(815301076,1909f56bfc062723c751e8b465ee728b)
Start importing Packages/com.google.ar.core.arfoundation.extensions/Editor/Scripts/Internal/Analytics/Google.Protobuf.dll using Guid(5c92e9fc1bc9643a9a55eb16bb0dfc01) Importer(815301076,1909f56bfc062723c751e8b465ee728b)  -> (artifact id: 'dc57216481928550562748b5d3941633') in 0,001262 seconds 
  Import took 0,005512 seconds .

========================================================================
Received Import Request.
  Time since last request: 0,000271 seconds.
  path: Packages/com.google.ar.core.arfoundation.extensions/Editor/Scripts/Internal/ModulesWorkflow/RuntimeConfigPreprocessBuild.cs
  artifactKey: Guid(25229d05643da400fac5b329cd13bcc0) Importer(815301076,1909f56bfc062723c751e8b465ee728b)
Start importing Packages/com.google.ar.core.arfoundation.extensions/Editor/Scripts/Internal/ModulesWorkflow/RuntimeConfigPreprocessBuild.cs using Guid(25229d05643da400fac5b329cd13bcc0) Importer(815301076,1909f56bfc062723c751e8b465ee728b)  -> (artifact id: '0b10f9ad1d1494b8d24705c3abf031e8') in 0,001189 seconds 
  Import took 0,005195 seconds .

========================================================================
Received Import Request.
  Time since last request: 0,000290 seconds.
  path: Packages/com.google.ar.core.arfoundation.extensions/Editor/Scripts/Internal/ARCoreExtensionsProjectSettingsGUI.cs
  artifactKey: Guid(31b7aed6d57904eeb9a54f944670bf6e) Importer(815301076,1909f56bfc062723c751e8b465ee728b)
Start importing Packages/com.google.ar.core.arfoundation.extensions/Editor/Scripts/Internal/ARCoreExtensionsProjectSettingsGUI.cs using Guid(31b7aed6d57904eeb9a54f944670bf6e) Importer(815301076,1909f56bfc062723c751e8b465ee728b)  -> (artifact id: '92930427effa5a886ab9bf81d65a8719') in 0,001225 seconds 
  Import took 0,006609 seconds .

========================================================================
Received Import Request.
  Time since last request: 0,000353 seconds.
  path: Packages/com.google.ar.core.arfoundation.extensions/Editor/Scripts/Internal/ModulesWorkflow/ProguardInjectionPreprocessBuild.cs
  artifactKey: Guid(02f10eba050344c4b85c4bb9ebbdb523) Importer(815301076,1909f56bfc062723c751e8b465ee728b)
Start importing Packages/com.google.ar.core.arfoundation.extensions/Editor/Scripts/Internal/ModulesWorkflow/ProguardInjectionPreprocessBuild.cs using Guid(02f10eba050344c4b85c4bb9ebbdb523) Importer(815301076,1909f56bfc062723c751e8b465ee728b)  -> (artifact id: '96e667917d9b890730da6063f594202d') in 0,001146 seconds 
  Import took 0,006900 seconds .

========================================================================
Received Import Request.
  Time since last request: 0,864034 seconds.
  path: Packages/com.unity.collab-proxy/Editor/Collaborate/Models/Enums/ProjectStatus.cs
  artifactKey: Guid(021989652c46434d98428c7e02cb8ab8) Importer(815301076,1909f56bfc062723c751e8b465ee728b)
Start importing Packages/com.unity.collab-proxy/Editor/Collaborate/Models/Enums/ProjectStatus.cs using Guid(021989652c46434d98428c7e02cb8ab8) Importer(815301076,1909f56bfc062723c751e8b465ee728b)  -> (artifact id: '701de4ce4a7c8bb49520f55f9455f1e5') in 0,001440 seconds 
  Import took 0,006050 seconds .

========================================================================
Received Import Request.
  Time since last request: 0,000308 seconds.
  path: Packages/com.unity.collab-proxy/Editor/PlasticSCM/AssetMenu/ProjectViewAssetSelection.cs
  artifactKey: Guid(b8a49294ba135a2408fd1b26bcda6f97) Importer(815301076,1909f56bfc062723c751e8b465ee728b)
Start importing Packages/com.unity.collab-proxy/Editor/PlasticSCM/AssetMenu/ProjectViewAssetSelection.cs using Guid(b8a49294ba135a2408fd1b26bcda6f97) Importer(815301076,1909f56bfc062723c751e8b465ee728b)  -> (artifact id: '44988ef179af0b24ff62bf79092abbe8') in 0,001124 seconds 
  Import took 0,005382 seconds .

========================================================================
Received Import Request.
  Time since last request: 0,000384 seconds.
  path: Packages/com.unity.ide.rider/Rider/Editor/ProjectGeneration
  artifactKey: Guid(313cbe17019f1934397f91069831062c) Importer(815301076,1909f56bfc062723c751e8b465ee728b)
Start importing Packages/com.unity.ide.rider/Rider/Editor/ProjectGeneration using Guid(313cbe17019f1934397f91069831062c) Importer(815301076,1909f56bfc062723c751e8b465ee728b)  -> (artifact id: '40e505edcc8be1fa1f0209588a6916aa') in 0,000863 seconds 
  Import took 0,004100 seconds .

========================================================================
Received Import Request.
  Time since last request: 0,000307 seconds.
  path: Packages/com.unity.ide.rider/Rider/Editor/ProjectGeneration/ProjectGeneration.cs
  artifactKey: Guid(7078f19173ceac84fb9e29b9f6175201) Importer(815301076,1909f56bfc062723c751e8b465ee728b)
Start importing Packages/com.unity.ide.rider/Rider/Editor/ProjectGeneration/ProjectGeneration.cs using Guid(7078f19173ceac84fb9e29b9f6175201) Importer(815301076,1909f56bfc062723c751e8b465ee728b)  -> (artifact id: 'c2d6fd5b7d45bb37ded2fd3a56fcf237') in 0,000843 seconds 
  Import took 0,004020 seconds .

========================================================================
Received Import Request.
  Time since last request: 0,000129 seconds.
  path: Packages/com.unity.ide.rider/Rider/Editor/ProjectGeneration/ProjectGenerationFlag.cs
  artifactKey: Guid(78af99d0156944f293b020b49a6830c2) Importer(815301076,1909f56bfc062723c751e8b465ee728b)
Start importing Packages/com.unity.ide.rider/Rider/Editor/ProjectGeneration/ProjectGenerationFlag.cs using Guid(78af99d0156944f293b020b49a6830c2) Importer(815301076,1909f56bfc062723c751e8b465ee728b)  -> (artifact id: '1dd042bdab5265a76f42f3254efe8647') in 0,000968 seconds 
  Import took 0,005039 seconds .

========================================================================
Received Import Request.
  Time since last request: 0,000290 seconds.
  path: Packages/com.unity.ide.visualstudio/Editor/ProjectGeneration
  artifactKey: Guid(8beeeeebc0857854d8b4e2c2895dd7a9) Importer(815301076,1909f56bfc062723c751e8b465ee728b)
Start importing Packages/com.unity.ide.visualstudio/Editor/ProjectGeneration using Guid(8beeeeebc0857854d8b4e2c2895dd7a9) Importer(815301076,1909f56bfc062723c751e8b465ee728b)  -> (artifact id: '8f6939ce59b7be4c87dd4dd5e04ad86b') in 0,000932 seconds 
  Import took 0,004587 seconds .

========================================================================
Received Import Request.
  Time since last request: 0,000183 seconds.
  path: Packages/com.unity.collab-proxy/Tests/Editor/PlasticSCM/ProjectDownloader
  artifactKey: Guid(ec6f7d5f9f244c543aac278e57d1d0f5) Importer(815301076,1909f56bfc062723c751e8b465ee728b)
Start importing Packages/com.unity.collab-proxy/Tests/Editor/PlasticSCM/ProjectDownloader using Guid(ec6f7d5f9f244c543aac278e57d1d0f5) Importer(815301076,1909f56bfc062723c751e8b465ee728b)  -> (artifact id: '176053b8fa2f5e2366007a92b2419fb6') in 0,001102 seconds 
  Import took 0,004842 seconds .

========================================================================
Received Import Request.
  Time since last request: 0,000207 seconds.
  path: Packages/com.unity.collab-proxy/Editor/PlasticSCM/CloudProjectDownloader
  artifactKey: Guid(2a088652feef3704ab1221770deb738a) Importer(815301076,1909f56bfc062723c751e8b465ee728b)
Start importing Packages/com.unity.collab-proxy/Editor/PlasticSCM/CloudProjectDownloader using Guid(2a088652feef3704ab1221770deb738a) Importer(815301076,1909f56bfc062723c751e8b465ee728b)  -> (artifact id: '8412f226c435960841e7cf51c69794f3') in 0,000643 seconds 
  Import took 0,002941 seconds .

========================================================================
Received Import Request.
  Time since last request: 0,000293 seconds.
  path: Packages/com.unity.collab-proxy/Editor/PlasticSCM/CloudProjectDownloader/CloudProjectDownloader.cs
  artifactKey: Guid(94a5d27698bed3d42beabebcedbf1f23) Importer(815301076,1909f56bfc062723c751e8b465ee728b)
Start importing Packages/com.unity.collab-proxy/Editor/PlasticSCM/CloudProjectDownloader/CloudProjectDownloader.cs using Guid(94a5d27698bed3d42beabebcedbf1f23) Importer(815301076,1909f56bfc062723c751e8b465ee728b)  -> (artifact id: 'f16cfe0986d7436c4ab66a7307a7b808') in 0,000704 seconds 
  Import took 0,002952 seconds .

========================================================================
Received Import Request.
  Time since last request: 0,000251 seconds.
  path: Packages/com.unity.collab-proxy/Editor/PlasticSCM/AssetsUtils/ProjectPath.cs
  artifactKey: Guid(6cad902920d2d0e448b4a307b199d8fd) Importer(815301076,1909f56bfc062723c751e8b465ee728b)
Start importing Packages/com.unity.collab-proxy/Editor/PlasticSCM/AssetsUtils/ProjectPath.cs using Guid(6cad902920d2d0e448b4a307b199d8fd) Importer(815301076,1909f56bfc062723c751e8b465ee728b)  -> (artifact id: '94da8e8b035196061e2ab4b9c19bafe4') in 0,000753 seconds 
  Import took 0,004081 seconds .

========================================================================
Received Import Request.
  Time since last request: 0,000307 seconds.
  path: Packages/com.unity.collab-proxy/Editor/PlasticSCM/SetupCloudProjectId.cs
  artifactKey: Guid(5326c7fb2eb17ce419ae9e925c9f26fd) Importer(815301076,1909f56bfc062723c751e8b465ee728b)
Start importing Packages/com.unity.collab-proxy/Editor/PlasticSCM/SetupCloudProjectId.cs using Guid(5326c7fb2eb17ce419ae9e925c9f26fd) Importer(815301076,1909f56bfc062723c751e8b465ee728b)  -> (artifact id: '0f1f5fad06bc6d2ae5d1178462bad67a') in 0,000748 seconds 
  Import took 0,003364 seconds .

========================================================================
Received Import Request.
  Time since last request: 0,000229 seconds.
  path: Packages/com.unity.ide.visualstudio/Editor/ProjectGeneration/ProjectGeneration.cs
  artifactKey: Guid(9f3705b95d031e84c82f140d8e980867) Importer(815301076,1909f56bfc062723c751e8b465ee728b)
Start importing Packages/com.unity.ide.visualstudio/Editor/ProjectGeneration/ProjectGeneration.cs using Guid(9f3705b95d031e84c82f140d8e980867) Importer(815301076,1909f56bfc062723c751e8b465ee728b)  -> (artifact id: 'c0374b0690dc1985bdd1d91ab7e90065') in 0,000715 seconds 
  Import took 0,004089 seconds .

========================================================================
Received Import Request.
  Time since last request: 2,200817 seconds.
  path: Packages/com.unity.ide.visualstudio/Editor/ProjectGeneration/ProjectProperties.cs
  artifactKey: Guid(fa7011e2ea1ff024083fea2179f3df08) Importer(815301076,1909f56bfc062723c751e8b465ee728b)
Start importing Packages/com.unity.ide.visualstudio/Editor/ProjectGeneration/ProjectProperties.cs using Guid(fa7011e2ea1ff024083fea2179f3df08) Importer(815301076,1909f56bfc062723c751e8b465ee728b)  -> (artifact id: 'c38c76524ab7b80d07b7c4f525b776e0') in 0,001061 seconds 
  Import took 0,004753 seconds .

========================================================================
Received Import Request.
  Time since last request: 0,000279 seconds.
  path: Packages/com.unity.textmeshpro/Scripts/Editor/TMP_ProjectTextSettings.cs
  artifactKey: Guid(0e751e877ed14d71a6b8e63ac54949cf) Importer(815301076,1909f56bfc062723c751e8b465ee728b)
Start importing Packages/com.unity.textmeshpro/Scripts/Editor/TMP_ProjectTextSettings.cs using Guid(0e751e877ed14d71a6b8e63ac54949cf) Importer(815301076,1909f56bfc062723c751e8b465ee728b)  -> (artifact id: '99d0e1cdc7b958478c18f61d01d30f82') in 0,000946 seconds 
  Import took 0,004001 seconds .

========================================================================
Received Import Request.
  Time since last request: 0,000284 seconds.
  path: Packages/com.unity.timeline/Editor/inspectors/TimelineProjectSettings.cs
  artifactKey: Guid(a287be6c49135cd4f9b2b8666c39d999) Importer(815301076,1909f56bfc062723c751e8b465ee728b)
Start importing Packages/com.unity.timeline/Editor/inspectors/TimelineProjectSettings.cs using Guid(a287be6c49135cd4f9b2b8666c39d999) Importer(815301076,1909f56bfc062723c751e8b465ee728b)  -> (artifact id: '64794e0c575a518e72b385b468c9b681') in 0,000831 seconds 
  Import took 0,003533 seconds .

========================================================================
Received Import Request.
  Time since last request: 0,000293 seconds.
  path: Packages/com.unity.ide.visualstudio/Editor/SolutionProjectEntry.cs
  artifactKey: Guid(5c1b8a755d2c97640bbb207c43f4cf61) Importer(815301076,1909f56bfc062723c751e8b465ee728b)
Start importing Packages/com.unity.ide.visualstudio/Editor/SolutionProjectEntry.cs using Guid(5c1b8a755d2c97640bbb207c43f4cf61) Importer(815301076,1909f56bfc062723c751e8b465ee728b)  -> (artifact id: '2e31896e3c68be889a345eb6ca16fcb2') in 0,000722 seconds 
  Import took 0,004019 seconds .

========================================================================
Received Prepare
Refreshing native plugins compatible for Editor in 4,16 ms, found 0 plugins.
Preloading 0 native plugins for Editor in 0,00 ms.
Unloading 18 Unused Serialized files (Serialized files now loaded: 0)
System memory in use before: 38,4 MB.
System memory in use after: 38,5 MB.

Unloading 17 unused Assets to reduce memory usage. Loaded Objects now: 2388.
Total: 6,786702 ms (FindLiveObjects: 0,248522 ms CreateObjectMapping: 0,093367 ms MarkObjects: 6,374331 ms  DeleteObjects: 0,069062 ms)

AssetImportParameters requested are different than current active one (requested -> active):
  custom:video-decoder-ogg-theora: a1e56fd34408186e4bbccfd4996cb3dc -> 
  custom:container-muxer-webm: aa71ff27fc2769a1b78a27578f13a17b -> 
  custom:container-demuxer-webm: 4f35f7cbe854078d1ac9338744f61a02 -> 
  custom:container-demuxer-ogg: 62fdf1f143b41e24485cea50d1cbac27 -> 
  custom:video-encoder-webm-vp8: eb34c28f22e8b96e1ab97ce403110664 -> 
  custom:video-decoder-webm-vp8: 9c59270c3fd7afecdb556c50c9e8de78 -> 
  custom:audio-decoder-ogg-vorbis: bf7c407c2cedff20999df2af8eb42d56 -> 
  custom:audio-encoder-webm-vorbis: bf7c407c2cedff20999df2af8eb42d56 -> 
========================================================================
Received Prepare
Refreshing native plugins compatible for Editor in 3,85 ms, found 0 plugins.
Preloading 0 native plugins for Editor in 0,00 ms.
Unloading 17 Unused Serialized files (Serialized files now loaded: 0)
System memory in use before: 38,3 MB.
System memory in use after: 38,4 MB.

Unloading 17 unused Assets to reduce memory usage. Loaded Objects now: 2388.
Total: 5,890196 ms (FindLiveObjects: 0,318033 ms CreateObjectMapping: 0,086473 ms MarkObjects: 5,428322 ms  DeleteObjects: 0,055904 ms)

AssetImportParameters requested are different than current active one (requested -> active):
  custom:video-decoder-ogg-theora: a1e56fd34408186e4bbccfd4996cb3dc -> 
  custom:container-muxer-webm: aa71ff27fc2769a1b78a27578f13a17b -> 
  custom:container-demuxer-webm: 4f35f7cbe854078d1ac9338744f61a02 -> 
  custom:container-demuxer-ogg: 62fdf1f143b41e24485cea50d1cbac27 -> 
  custom:video-encoder-webm-vp8: eb34c28f22e8b96e1ab97ce403110664 -> 
  custom:video-decoder-webm-vp8: 9c59270c3fd7afecdb556c50c9e8de78 -> 
  custom:audio-decoder-ogg-vorbis: bf7c407c2cedff20999df2af8eb42d56 -> 
  custom:audio-encoder-webm-vorbis: bf7c407c2cedff20999df2af8eb42d56 -> 
========================================================================
Received Prepare
Refreshing native plugins compatible for Editor in 3,69 ms, found 0 plugins.
Preloading 0 native plugins for Editor in 0,00 ms.
Unloading 17 Unused Serialized files (Serialized files now loaded: 0)
System memory in use before: 38,3 MB.
System memory in use after: 38,4 MB.

Unloading 17 unused Assets to reduce memory usage. Loaded Objects now: 2388.
Total: 7,528348 ms (FindLiveObjects: 0,264237 ms CreateObjectMapping: 0,101578 ms MarkObjects: 7,002615 ms  DeleteObjects: 0,157833 ms)

AssetImportParameters requested are different than current active one (requested -> active):
  custom:video-decoder-ogg-theora: a1e56fd34408186e4bbccfd4996cb3dc -> 
  custom:container-muxer-webm: aa71ff27fc2769a1b78a27578f13a17b -> 
  custom:container-demuxer-webm: 4f35f7cbe854078d1ac9338744f61a02 -> 
  custom:container-demuxer-ogg: 62fdf1f143b41e24485cea50d1cbac27 -> 
  custom:video-encoder-webm-vp8: eb34c28f22e8b96e1ab97ce403110664 -> 
  custom:video-decoder-webm-vp8: 9c59270c3fd7afecdb556c50c9e8de78 -> 
  custom:audio-decoder-ogg-vorbis: bf7c407c2cedff20999df2af8eb42d56 -> 
  custom:audio-encoder-webm-vorbis: bf7c407c2cedff20999df2af8eb42d56 -> 
========================================================================
Received Prepare
Refreshing native plugins compatible for Editor in 3,79 ms, found 0 plugins.
Preloading 0 native plugins for Editor in 0,00 ms.
Unloading 17 Unused Serialized files (Serialized files now loaded: 0)
System memory in use before: 38,3 MB.
System memory in use after: 38,4 MB.

Unloading 17 unused Assets to reduce memory usage. Loaded Objects now: 2388.
Total: 6,899050 ms (FindLiveObjects: 0,233914 ms CreateObjectMapping: 0,203622 ms MarkObjects: 6,397073 ms  DeleteObjects: 0,062471 ms)

AssetImportParameters requested are different than current active one (requested -> active):
  custom:video-decoder-ogg-theora: a1e56fd34408186e4bbccfd4996cb3dc -> 
  custom:container-muxer-webm: aa71ff27fc2769a1b78a27578f13a17b -> 
  custom:container-demuxer-webm: 4f35f7cbe854078d1ac9338744f61a02 -> 
  custom:container-demuxer-ogg: 62fdf1f143b41e24485cea50d1cbac27 -> 
  custom:video-encoder-webm-vp8: eb34c28f22e8b96e1ab97ce403110664 -> 
  custom:video-decoder-webm-vp8: 9c59270c3fd7afecdb556c50c9e8de78 -> 
  custom:audio-decoder-ogg-vorbis: bf7c407c2cedff20999df2af8eb42d56 -> 
  custom:audio-encoder-webm-vorbis: bf7c407c2cedff20999df2af8eb42d56 -> 
========================================================================
Received Prepare
Refreshing native plugins compatible for Editor in 4,77 ms, found 0 plugins.
Preloading 0 native plugins for Editor in 0,00 ms.
Unloading 17 Unused Serialized files (Serialized files now loaded: 0)
System memory in use before: 38,3 MB.
System memory in use after: 38,4 MB.

Unloading 17 unused Assets to reduce memory usage. Loaded Objects now: 2388.
Total: 9,418347 ms (FindLiveObjects: 0,293716 ms CreateObjectMapping: 0,110564 ms MarkObjects: 8,852725 ms  DeleteObjects: 0,157279 ms)

AssetImportParameters requested are different than current active one (requested -> active):
  custom:video-decoder-ogg-theora: a1e56fd34408186e4bbccfd4996cb3dc -> 
  custom:container-muxer-webm: aa71ff27fc2769a1b78a27578f13a17b -> 
  custom:container-demuxer-webm: 4f35f7cbe854078d1ac9338744f61a02 -> 
  custom:container-demuxer-ogg: 62fdf1f143b41e24485cea50d1cbac27 -> 
  custom:video-encoder-webm-vp8: eb34c28f22e8b96e1ab97ce403110664 -> 
  custom:video-decoder-webm-vp8: 9c59270c3fd7afecdb556c50c9e8de78 -> 
  custom:audio-decoder-ogg-vorbis: bf7c407c2cedff20999df2af8eb42d56 -> 
  custom:audio-encoder-webm-vorbis: bf7c407c2cedff20999df2af8eb42d56 -> 
